<?xml version="1.0" encoding="UTF-8"?>
<!-- Generated by org.testng.reporters.JUnitReportReporter -->
<testsuite hostname="LAPTOP-O0RL6D68" failures="0" tests="2" name="Assignments.FormSubmitExample" time="9.403" errors="0" timestamp="17 Apr 2023 06:15:11 GMT" skipped="0">
  <testcase classname="Assignments.FormSubmitExample" name="VerifyWarningMessage" time="2.772"/>
  <testcase classname="Assignments.FormSubmitExample" name="VerifyResult" time="6.631"/>
</testsuite> <!-- Assignments.FormSubmitExample -->
