<?xml version="1.0" encoding="UTF-8"?>
<!-- Generated by org.testng.reporters.JUnitReportReporter -->
<testsuite hostname="LAPTOP-O0RL6D68" failures="0" tests="1" name="package1.FrameDemo" time="4.354" errors="0" timestamp="08 Apr 2023 02:40:33 GMT" skipped="0">
  <testcase classname="package1.FrameDemo" name="Testcase1" time="4.354"/>
</testsuite> <!-- package1.FrameDemo -->
