<?xml version="1.0" encoding="UTF-8"?>
<!-- Generated by org.testng.reporters.JUnitReportReporter -->
<testsuite hostname="LAPTOP-O0RL6D68" failures="0" tests="1" name="Assignments.SoftAssertExample" time="3.827" errors="0" timestamp="17 Apr 2023 06:41:00 GMT" skipped="0">
  <testcase classname="Assignments.SoftAssertExample" name="VerifyTextUsingSoftAssert" time="3.827"/>
</testsuite> <!-- Assignments.SoftAssertExample -->
