<?xml version="1.0" encoding="UTF-8"?>
<!-- Generated by org.testng.reporters.JUnitReportReporter -->
<testsuite hostname="LAPTOP-O0RL6D68" failures="0" tests="2" name="package1.Annotations" time="0.011" errors="0" timestamp="13 Apr 2023 02:04:49 GMT" skipped="0">
  <testcase classname="package1.Annotations" name="Testcase2" time="0.003"/>
  <testcase classname="package1.Annotations" name="Testcase1" time="0.008"/>
</testsuite> <!-- package1.Annotations -->
