<?xml version="1.0" encoding="UTF-8"?>
<!-- Generated by org.testng.reporters.JUnitReportReporter -->
<testsuite hostname="LAPTOP-O0RL6D68" failures="0" tests="3" name="Assignments.FormSubmit" time="12.439" errors="0" timestamp="09 Apr 2023 10:25:41 GMT" skipped="0">
  <testcase classname="Assignments.FormSubmit" name="VerifySuccessMessage" time="5.865"/>
  <testcase classname="Assignments.FormSubmit" name="VerifyAgreeToTermsandConditionsDisplayed" time="3.344"/>
  <testcase classname="Assignments.FormSubmit" name="VerifyHeaderText" time="3.230"/>
</testsuite> <!-- Assignments.FormSubmit -->
