<?xml version="1.0" encoding="UTF-8"?>
<!-- Generated by org.testng.reporters.JUnitReportReporter -->
<testsuite hostname="LAPTOP-O0RL6D68" failures="0" tests="1" name="package1.WindowSwitchingExample" time="5.952" errors="0" timestamp="08 Apr 2023 03:03:37 GMT" skipped="0">
  <testcase classname="package1.WindowSwitchingExample" name="Testcase1" time="5.952"/>
</testsuite> <!-- package1.WindowSwitchingExample -->
