<?xml version="1.0" encoding="UTF-8"?>
<!-- Generated by org.testng.reporters.JUnitReportReporter -->
<testsuite hostname="LAPTOP-O0RL6D68" failures="0" tests="1" name="Assignments.SoftAssertCheckboxExample" time="4.127" errors="0" timestamp="11 Apr 2023 04:18:23 GMT" skipped="0">
  <testcase classname="Assignments.SoftAssertCheckboxExample" name="VerifyCheckboxEnabled" time="4.127"/>
</testsuite> <!-- Assignments.SoftAssertCheckboxExample -->
