<?xml version="1.0" encoding="UTF-8"?>
<!-- Generated by org.testng.reporters.JUnitReportReporter -->
<testsuite hostname="LAPTOP-O0RL6D68" failures="0" tests="2" name="package1.DataProviderExecution" time="9.908" errors="0" timestamp="10 Apr 2023 02:47:36 GMT" skipped="0">
  <testcase classname="package1.DataProviderExecution" name="VerifyFaceebookLogin" time="3.614"/>
  <testcase classname="package1.DataProviderExecution" name="VerifyFaceebookLogin" time="6.294"/>
</testsuite> <!-- package1.DataProviderExecution -->
