<?xml version="1.0" encoding="UTF-8"?>
<!-- Generated by org.testng.reporters.JUnitReportReporter -->
<testsuite hostname="LAPTOP-O0RL6D68" failures="0" tests="2" name="package1.Annotations" time="0.016" errors="0" timestamp="2023-04-05T07:37:15 IST" skipped="0">
  <testcase classname="package1.Annotations" name="Testcase1" time="0.013"/>
  <system-out/>
  <testcase classname="package1.Annotations" name="Testcase2" time="0.003"/>
  <system-out/>
</testsuite> <!-- package1.Annotations -->
