<?xml version="1.0" encoding="UTF-8"?>
<!-- Generated by org.testng.reporters.JUnitReportReporter -->
<testsuite hostname="LAPTOP-O0RL6D68" failures="0" tests="2" name="Assignments.AssertSwitchingWindow" time="15.024" errors="0" timestamp="09 Apr 2023 11:32:52 GMT" skipped="0">
  <testcase classname="Assignments.AssertSwitchingWindow" name="VerifyToolTip" time="3.592"/>
  <testcase classname="Assignments.AssertSwitchingWindow" name="Testcase2" time="11.432"/>
</testsuite> <!-- Assignments.AssertSwitchingWindow -->
