<?xml version="1.0" encoding="UTF-8"?>
<!-- Generated by org.testng.reporters.JUnitReportReporter -->
<testsuite hostname="LAPTOP-O0RL6D68" failures="0" tests="3" name="Assignments.DataProviderAssignment" time="12.623" errors="0" timestamp="10 Apr 2023 05:11:14 GMT" skipped="0">
  <testcase classname="Assignments.DataProviderAssignment" name="Testcase1" time="6.006"/>
  <testcase classname="Assignments.DataProviderAssignment" name="Testcase1" time="3.341"/>
  <testcase classname="Assignments.DataProviderAssignment" name="Testcase1" time="3.276"/>
</testsuite> <!-- Assignments.DataProviderAssignment -->
