<?xml version="1.0" encoding="UTF-8"?>
<!-- Generated by org.testng.reporters.JUnitReportReporter -->
<testsuite hostname="LAPTOP-O0RL6D68" failures="0" tests="2" name="package1.SelectWithTestNG" time="4.592" errors="0" timestamp="10 Apr 2023 01:45:13 GMT" skipped="1">
  <testcase classname="package1.SelectWithTestNG" name="VerifyCurrentUrl" time="4.592"/>
  <testcase classname="package1.SelectWithTestNG" name="VerifyAmazonTitle">
    <skipped/>
  </testcase> <!-- VerifyAmazonTitle -->
</testsuite> <!-- package1.SelectWithTestNG -->
