<?xml version="1.0" encoding="UTF-8"?>
<!-- Generated by org.testng.reporters.JUnitReportReporter -->
<testsuite hostname="LAPTOP-O0RL6D68" failures="0" tests="1" name="package1.Testcase2" time="4.091" errors="0" timestamp="11 Apr 2023 05:10:28 GMT" skipped="0">
  <testcase classname="package1.Testcase2" name="VerifyUsingsoftAssert" time="4.091"/>
</testsuite> <!-- package1.Testcase2 -->
